
> @sinaicamps/marketplace@1.0.0 build
> next build

  ▲ Next.js 14.2.29
  - Environments: .env

   Creating an optimized production build ...
 ✓ Compiled successfully
   Linting and checking validity of types ...
Failed to compile.

./plugins/resource/src/routes/index.ts:48:51
Type error: Argument of type '$ZodIssue[]' is not assignable to parameter of type '{ path: (string | number)[]; message: string; }[]'.
  Type '$ZodIssue' is not assignable to type '{ path: (string | number)[]; message: string; }'.
    Type '$ZodIssueInvalidType<unknown>' is not assignable to type '{ path: (string | number)[]; message: string; }'.
      Types of property 'path' are incompatible.
        Type 'PropertyKey[]' is not assignable to type '(string | number)[]'.
          Type 'PropertyKey' is not assignable to type 'string | number'.
            Type 'symbol' is not assignable to type 'string | number'.

[0m [90m 46 |[39m       [36mconst[39m raw [33m=[39m [33mObject[39m[33m.[39mfromEntries(url[33m.[39msearchParams[33m.[39mentries())[33m;[39m[0m
[0m [90m 47 |[39m       [36mconst[39m parsed [33m=[39m [33mListingSearchSchema[39m[33m.[39msafeParse(raw)[33m;[39m[0m
[0m[31m[1m>[22m[39m[90m 48 |[39m       [36mif[39m ([33m![39mparsed[33m.[39msuccess) [36mreturn[39m validationError(parsed[33m.[39merror[33m.[39missues)[33m;[39m[0m
[0m [90m    |[39m                                                   [31m[1m^[22m[39m[0m
[0m [90m 49 |[39m[0m
[0m [90m 50 |[39m       [36mconst[39m { search[33m,[39m location[33m,[39m tier[33m,[39m page[33m,[39m limit } [33m=[39m parsed[33m.[39mdata[33m;[39m[0m
[0m [90m 51 |[39m       [36mconst[39m offset [33m=[39m (page [33m-[39m [35m1[39m) [33m*[39m limit[33m;[39m[0m
Next.js build worker exited with code: 1 and signal: null
npm error Lifecycle script `build` failed with error:
npm error code 1
npm error path /home/michael/Proj/sinaicamps-marketplace
npm error workspace @sinaicamps/marketplace@1.0.0
npm error location /home/michael/Proj/sinaicamps-marketplace
npm error command failed
npm error command sh -c next build
